
> fix-rainyday-cafe@0.0.1 dev
> vite --host


  VITE v5.4.21  ready in 308 ms

  ➜  Local:   http://localhost:5173/
  ➜  Network: http://192.168.1.111:5173/
  ➜  press h + enter to show help
2:53:15 AM [vite] hmr update /src/components/game/CustomerFlowSimulationIso.tsx, /src/index.css
3:22:39 AM [vite] hmr update /src/components/game/CustomerFlowSimulationIso.tsx, /src/index.css
3:37:47 AM [vite] hmr update /src/components/game/CustomerFlowSimulationIso.tsx, /src/index.css
3:56:31 AM [vite] hmr update /src/components/game/CustomerFlowSimulationIso.tsx, /src/index.css
3:56:46 AM [vite] hmr update /src/components/game/CustomerFlowSimulationIso.tsx, /src/index.css
4:59:57 AM [vite] hmr update /src/components/game/CustomerFlowSimulationIso.tsx, /src/index.css
12:23:57 PM [vite] hmr update /src/components/game/CustomerFlowSimulationIso.tsx, /src/index.css
12:23:57 PM [vite] Internal server error: /Users/SBondarenko/Downloads/Vibe Coding Projects/Systems Thinking Game/RD Version/RD Cafe Antigraviry/src/components/game/CustomerFlowSimulationIso.tsx: Unexpected token (240:2)

  238 |
  239 |   return (
> 240 |   return (
      |   ^
  241 |     <div className="w-full relative rounded-[2rem] overflow-hidden bg-[#F1F5F9] shadow-inner border border-slate-200 mt-6 pb-2">
  242 |       <svg
  243 |         viewBox={`0 0 ${VB_W} ${VB_H}`}
  Plugin: vite:react-babel
  File: /Users/SBondarenko/Downloads/Vibe Coding Projects/Systems Thinking Game/RD Version/RD Cafe Antigraviry/src/components/game/CustomerFlowSimulationIso.tsx:240:2
  238|  
  239|    return (
  240|    return (
     |    ^
  241|      <div className="w-full relative rounded-[2rem] overflow-hidden bg-[#F1F5F9] shadow-inner border border-slate-200 mt-6 pb-2">
  242|        <svg
      at constructor (/Users/SBondarenko/Downloads/Vibe Coding Projects/Systems Thinking Game/RD Version/RD Cafe Antigraviry/node_modules/@babel/parser/lib/index.js:365:19)
      at TypeScriptParserMixin.raise (/Users/SBondarenko/Downloads/Vibe Coding Projects/Systems Thinking Game/RD Version/RD Cafe Antigraviry/node_modules/@babel/parser/lib/index.js:6599:19)
      at TypeScriptParserMixin.unexpected (/Users/SBondarenko/Downloads/Vibe Coding Projects/Systems Thinking Game/RD Version/RD Cafe Antigraviry/node_modules/@babel/parser/lib/index.js:6619:16)
      at TypeScriptParserMixin.parseExprAtom (/Users/SBondarenko/Downloads/Vibe Coding Projects/Systems Thinking Game/RD Version/RD Cafe Antigraviry/node_modules/@babel/parser/lib/index.js:11442:22)
      at TypeScriptParserMixin.parseExprAtom (/Users/SBondarenko/Downloads/Vibe Coding Projects/Systems Thinking Game/RD Version/RD Cafe Antigraviry/node_modules/@babel/parser/lib/index.js:4764:20)
      at TypeScriptParserMixin.parseExprSubscripts (/Users/SBondarenko/Downloads/Vibe Coding Projects/Systems Thinking Game/RD Version/RD Cafe Antigraviry/node_modules/@babel/parser/lib/index.js:11081:23)
      at TypeScriptParserMixin.parseUpdate (/Users/SBondarenko/Downloads/Vibe Coding Projects/Systems Thinking Game/RD Version/RD Cafe Antigraviry/node_modules/@babel/parser/lib/index.js:11066:21)
      at TypeScriptParserMixin.parseMaybeUnary (/Users/SBondarenko/Downloads/Vibe Coding Projects/Systems Thinking Game/RD Version/RD Cafe Antigraviry/node_modules/@babel/parser/lib/index.js:11046:23)
      at TypeScriptParserMixin.parseMaybeUnary (/Users/SBondarenko/Downloads/Vibe Coding Projects/Systems Thinking Game/RD Version/RD Cafe Antigraviry/node_modules/@babel/parser/lib/index.js:9837:18)
      at TypeScriptParserMixin.parseMaybeUnaryOrPrivate (/Users/SBondarenko/Downloads/Vibe Coding Projects/Systems Thinking Game/RD Version/RD Cafe Antigraviry/node_modules/@babel/parser/lib/index.js:10899:61)
      at TypeScriptParserMixin.parseExprOps (/Users/SBondarenko/Downloads/Vibe Coding Projects/Systems Thinking Game/RD Version/RD Cafe Antigraviry/node_modules/@babel/parser/lib/index.js:10904:23)
      at TypeScriptParserMixin.parseMaybeConditional (/Users/SBondarenko/Downloads/Vibe Coding Projects/Systems Thinking Game/RD Version/RD Cafe Antigraviry/node_modules/@babel/parser/lib/index.js:10881:23)
      at TypeScriptParserMixin.parseMaybeAssign (/Users/SBondarenko/Downloads/Vibe Coding Projects/Systems Thinking Game/RD Version/RD Cafe Antigraviry/node_modules/@babel/parser/lib/index.js:10831:21)
      at TypeScriptParserMixin.parseMaybeAssign (/Users/SBondarenko/Downloads/Vibe Coding Projects/Systems Thinking Game/RD Version/RD Cafe Antigraviry/node_modules/@babel/parser/lib/index.js:9786:20)
      at /Users/SBondarenko/Downloads/Vibe Coding Projects/Systems Thinking Game/RD Version/RD Cafe Antigraviry/node_modules/@babel/parser/lib/index.js:10800:39
      at TypeScriptParserMixin.allowInAnd (/Users/SBondarenko/Downloads/Vibe Coding Projects/Systems Thinking Game/RD Version/RD Cafe Antigraviry/node_modules/@babel/parser/lib/index.js:12426:12)
      at TypeScriptParserMixin.parseMaybeAssignAllowIn (/Users/SBondarenko/Downloads/Vibe Coding Projects/Systems Thinking Game/RD Version/RD Cafe Antigraviry/node_modules/@babel/parser/lib/index.js:10800:17)
      at TypeScriptParserMixin.parseMaybeAssignAllowInOrVoidPattern (/Users/SBondarenko/Downloads/Vibe Coding Projects/Systems Thinking Game/RD Version/RD Cafe Antigraviry/node_modules/@babel/parser/lib/index.js:12493:17)
      at TypeScriptParserMixin.parseParenAndDistinguishExpression (/Users/SBondarenko/Downloads/Vibe Coding Projects/Systems Thinking Game/RD Version/RD Cafe Antigraviry/node_modules/@babel/parser/lib/index.js:11675:28)
      at TypeScriptParserMixin.parseExprAtom (/Users/SBondarenko/Downloads/Vibe Coding Projects/Systems Thinking Game/RD Version/RD Cafe Antigraviry/node_modules/@babel/parser/lib/index.js:11331:23)
      at TypeScriptParserMixin.parseExprAtom (/Users/SBondarenko/Downloads/Vibe Coding Projects/Systems Thinking Game/RD Version/RD Cafe Antigraviry/node_modules/@babel/parser/lib/index.js:4764:20)
      at TypeScriptParserMixin.parseExprSubscripts (/Users/SBondarenko/Downloads/Vibe Coding Projects/Systems Thinking Game/RD Version/RD Cafe Antigraviry/node_modules/@babel/parser/lib/index.js:11081:23)
      at TypeScriptParserMixin.parseUpdate (/Users/SBondarenko/Downloads/Vibe Coding Projects/Systems Thinking Game/RD Version/RD Cafe Antigraviry/node_modules/@babel/parser/lib/index.js:11066:21)
      at TypeScriptParserMixin.parseMaybeUnary (/Users/SBondarenko/Downloads/Vibe Coding Projects/Systems Thinking Game/RD Version/RD Cafe Antigraviry/node_modules/@babel/parser/lib/index.js:11046:23)
      at TypeScriptParserMixin.parseMaybeUnary (/Users/SBondarenko/Downloads/Vibe Coding Projects/Systems Thinking Game/RD Version/RD Cafe Antigraviry/node_modules/@babel/parser/lib/index.js:9837:18)
      at TypeScriptParserMixin.parseMaybeUnaryOrPrivate (/Users/SBondarenko/Downloads/Vibe Coding Projects/Systems Thinking Game/RD Version/RD Cafe Antigraviry/node_modules/@babel/parser/lib/index.js:10899:61)
      at TypeScriptParserMixin.parseExprOps (/Users/SBondarenko/Downloads/Vibe Coding Projects/Systems Thinking Game/RD Version/RD Cafe Antigraviry/node_modules/@babel/parser/lib/index.js:10904:23)
      at TypeScriptParserMixin.parseMaybeConditional (/Users/SBondarenko/Downloads/Vibe Coding Projects/Systems Thinking Game/RD Version/RD Cafe Antigraviry/node_modules/@babel/parser/lib/index.js:10881:23)
      at TypeScriptParserMixin.parseMaybeAssign (/Users/SBondarenko/Downloads/Vibe Coding Projects/Systems Thinking Game/RD Version/RD Cafe Antigraviry/node_modules/@babel/parser/lib/index.js:10831:21)
      at TypeScriptParserMixin.parseMaybeAssign (/Users/SBondarenko/Downloads/Vibe Coding Projects/Systems Thinking Game/RD Version/RD Cafe Antigraviry/node_modules/@babel/parser/lib/index.js:9786:20)
      at TypeScriptParserMixin.parseExpressionBase (/Users/SBondarenko/Downloads/Vibe Coding Projects/Systems Thinking Game/RD Version/RD Cafe Antigraviry/node_modules/@babel/parser/lib/index.js:10784:23)
      at /Users/SBondarenko/Downloads/Vibe Coding Projects/Systems Thinking Game/RD Version/RD Cafe Antigraviry/node_modules/@babel/parser/lib/index.js:10780:39
      at TypeScriptParserMixin.allowInAnd (/Users/SBondarenko/Downloads/Vibe Coding Projects/Systems Thinking Game/RD Version/RD Cafe Antigraviry/node_modules/@babel/parser/lib/index.js:12421:16)
      at TypeScriptParserMixin.parseExpression (/Users/SBondarenko/Downloads/Vibe Coding Projects/Systems Thinking Game/RD Version/RD Cafe Antigraviry/node_modules/@babel/parser/lib/index.js:10780:17)
      at TypeScriptParserMixin.parseReturnStatement (/Users/SBondarenko/Downloads/Vibe Coding Projects/Systems Thinking Game/RD Version/RD Cafe Antigraviry/node_modules/@babel/parser/lib/index.js:13142:28)
      at TypeScriptParserMixin.parseStatementContent (/Users/SBondarenko/Downloads/Vibe Coding Projects/Systems Thinking Game/RD Version/RD Cafe Antigraviry/node_modules/@babel/parser/lib/index.js:12798:21)
      at TypeScriptParserMixin.parseStatementContent (/Users/SBondarenko/Downloads/Vibe Coding Projects/Systems Thinking Game/RD Version/RD Cafe Antigraviry/node_modules/@babel/parser/lib/index.js:9508:18)
      at TypeScriptParserMixin.parseStatementLike (/Users/SBondarenko/Downloads/Vibe Coding Projects/Systems Thinking Game/RD Version/RD Cafe Antigraviry/node_modules/@babel/parser/lib/index.js:12767:17)
      at TypeScriptParserMixin.parseStatementListItem (/Users/SBondarenko/Downloads/Vibe Coding Projects/Systems Thinking Game/RD Version/RD Cafe Antigraviry/node_modules/@babel/parser/lib/index.js:12747:17)
      at TypeScriptParserMixin.parseBlockOrModuleBlockBody (/Users/SBondarenko/Downloads/Vibe Coding Projects/Systems Thinking Game/RD Version/RD Cafe Antigraviry/node_modules/@babel/parser/lib/index.js:13316:61)
      at TypeScriptParserMixin.parseBlockBody (/Users/SBondarenko/Downloads/Vibe Coding Projects/Systems Thinking Game/RD Version/RD Cafe Antigraviry/node_modules/@babel/parser/lib/index.js:13309:10)
      at TypeScriptParserMixin.parseBlock (/Users/SBondarenko/Downloads/Vibe Coding Projects/Systems Thinking Game/RD Version/RD Cafe Antigraviry/node_modules/@babel/parser/lib/index.js:13297:10)
      at TypeScriptParserMixin.parseFunctionBody (/Users/SBondarenko/Downloads/Vibe Coding Projects/Systems Thinking Game/RD Version/RD Cafe Antigraviry/node_modules/@babel/parser/lib/index.js:12100:24)
      at TypeScriptParserMixin.parseFunctionBodyAndFinish (/Users/SBondarenko/Downloads/Vibe Coding Projects/Systems Thinking Game/RD Version/RD Cafe Antigraviry/node_modules/@babel/parser/lib/index.js:12086:10)
      at TypeScriptParserMixin.parseFunctionBodyAndFinish (/Users/SBondarenko/Downloads/Vibe Coding Projects/Systems Thinking Game/RD Version/RD Cafe Antigraviry/node_modules/@babel/parser/lib/index.js:9172:18)
      at /Users/SBondarenko/Downloads/Vibe Coding Projects/Systems Thinking Game/RD Version/RD Cafe Antigraviry/node_modules/@babel/parser/lib/index.js:13445:12
      at TypeScriptParserMixin.withSmartMixTopicForbiddingContext (/Users/SBondarenko/Downloads/Vibe Coding Projects/Systems Thinking Game/RD Version/RD Cafe Antigraviry/node_modules/@babel/parser/lib/index.js:12403:14)
      at TypeScriptParserMixin.parseFunction (/Users/SBondarenko/Downloads/Vibe Coding Projects/Systems Thinking Game/RD Version/RD Cafe Antigraviry/node_modules/@babel/parser/lib/index.js:13444:10)
      at TypeScriptParserMixin.parseFunctionStatement (/Users/SBondarenko/Downloads/Vibe Coding Projects/Systems Thinking Game/RD Version/RD Cafe Antigraviry/node_modules/@babel/parser/lib/index.js:13125:17)
      at TypeScriptParserMixin.parseStatementContent (/Users/SBondarenko/Downloads/Vibe Coding Projects/Systems Thinking Game/RD Version/RD Cafe Antigraviry/node_modules/@babel/parser/lib/index.js:12791:21)
12:29:36 PM [vite] Pre-transform error: /Users/SBondarenko/Downloads/Vibe Coding Projects/Systems Thinking Game/RD Version/RD Cafe Antigraviry/src/components/game/CustomerFlowSimulationIso.tsx: Unexpected token (240:2)

  238 |
  239 |   return (
> 240 |   return (
      |   ^
  241 |     <div className="w-full relative rounded-[2rem] overflow-hidden bg-[#F1F5F9] shadow-inner border border-slate-200 mt-6 pb-2">
  242 |       <svg
  243 |         viewBox={`0 0 ${VB_W} ${VB_H}`}
12:29:36 PM [vite] Internal server error: /Users/SBondarenko/Downloads/Vibe Coding Projects/Systems Thinking Game/RD Version/RD Cafe Antigraviry/src/components/game/CustomerFlowSimulationIso.tsx: Unexpected token (240:2)

  238 |
  239 |   return (
> 240 |   return (
      |   ^
  241 |     <div className="w-full relative rounded-[2rem] overflow-hidden bg-[#F1F5F9] shadow-inner border border-slate-200 mt-6 pb-2">
  242 |       <svg
  243 |         viewBox={`0 0 ${VB_W} ${VB_H}`}
  Plugin: vite:react-babel
  File: /Users/SBondarenko/Downloads/Vibe Coding Projects/Systems Thinking Game/RD Version/RD Cafe Antigraviry/src/components/game/CustomerFlowSimulationIso.tsx:240:2
  238|  
  239|    return (
  240|    return (
     |    ^
  241|      <div className="w-full relative rounded-[2rem] overflow-hidden bg-[#F1F5F9] shadow-inner border border-slate-200 mt-6 pb-2">
  242|        <svg
      at constructor (/Users/SBondarenko/Downloads/Vibe Coding Projects/Systems Thinking Game/RD Version/RD Cafe Antigraviry/node_modules/@babel/parser/lib/index.js:365:19)
      at TypeScriptParserMixin.raise (/Users/SBondarenko/Downloads/Vibe Coding Projects/Systems Thinking Game/RD Version/RD Cafe Antigraviry/node_modules/@babel/parser/lib/index.js:6599:19)
      at TypeScriptParserMixin.unexpected (/Users/SBondarenko/Downloads/Vibe Coding Projects/Systems Thinking Game/RD Version/RD Cafe Antigraviry/node_modules/@babel/parser/lib/index.js:6619:16)
      at TypeScriptParserMixin.parseExprAtom (/Users/SBondarenko/Downloads/Vibe Coding Projects/Systems Thinking Game/RD Version/RD Cafe Antigraviry/node_modules/@babel/parser/lib/index.js:11442:22)
      at TypeScriptParserMixin.parseExprAtom (/Users/SBondarenko/Downloads/Vibe Coding Projects/Systems Thinking Game/RD Version/RD Cafe Antigraviry/node_modules/@babel/parser/lib/index.js:4764:20)
      at TypeScriptParserMixin.parseExprSubscripts (/Users/SBondarenko/Downloads/Vibe Coding Projects/Systems Thinking Game/RD Version/RD Cafe Antigraviry/node_modules/@babel/parser/lib/index.js:11081:23)
      at TypeScriptParserMixin.parseUpdate (/Users/SBondarenko/Downloads/Vibe Coding Projects/Systems Thinking Game/RD Version/RD Cafe Antigraviry/node_modules/@babel/parser/lib/index.js:11066:21)
      at TypeScriptParserMixin.parseMaybeUnary (/Users/SBondarenko/Downloads/Vibe Coding Projects/Systems Thinking Game/RD Version/RD Cafe Antigraviry/node_modules/@babel/parser/lib/index.js:11046:23)
      at TypeScriptParserMixin.parseMaybeUnary (/Users/SBondarenko/Downloads/Vibe Coding Projects/Systems Thinking Game/RD Version/RD Cafe Antigraviry/node_modules/@babel/parser/lib/index.js:9837:18)
      at TypeScriptParserMixin.parseMaybeUnaryOrPrivate (/Users/SBondarenko/Downloads/Vibe Coding Projects/Systems Thinking Game/RD Version/RD Cafe Antigraviry/node_modules/@babel/parser/lib/index.js:10899:61)
      at TypeScriptParserMixin.parseExprOps (/Users/SBondarenko/Downloads/Vibe Coding Projects/Systems Thinking Game/RD Version/RD Cafe Antigraviry/node_modules/@babel/parser/lib/index.js:10904:23)
      at TypeScriptParserMixin.parseMaybeConditional (/Users/SBondarenko/Downloads/Vibe Coding Projects/Systems Thinking Game/RD Version/RD Cafe Antigraviry/node_modules/@babel/parser/lib/index.js:10881:23)
      at TypeScriptParserMixin.parseMaybeAssign (/Users/SBondarenko/Downloads/Vibe Coding Projects/Systems Thinking Game/RD Version/RD Cafe Antigraviry/node_modules/@babel/parser/lib/index.js:10831:21)
      at TypeScriptParserMixin.parseMaybeAssign (/Users/SBondarenko/Downloads/Vibe Coding Projects/Systems Thinking Game/RD Version/RD Cafe Antigraviry/node_modules/@babel/parser/lib/index.js:9786:20)
      at /Users/SBondarenko/Downloads/Vibe Coding Projects/Systems Thinking Game/RD Version/RD Cafe Antigraviry/node_modules/@babel/parser/lib/index.js:10800:39
      at TypeScriptParserMixin.allowInAnd (/Users/SBondarenko/Downloads/Vibe Coding Projects/Systems Thinking Game/RD Version/RD Cafe Antigraviry/node_modules/@babel/parser/lib/index.js:12426:12)
      at TypeScriptParserMixin.parseMaybeAssignAllowIn (/Users/SBondarenko/Downloads/Vibe Coding Projects/Systems Thinking Game/RD Version/RD Cafe Antigraviry/node_modules/@babel/parser/lib/index.js:10800:17)
      at TypeScriptParserMixin.parseMaybeAssignAllowInOrVoidPattern (/Users/SBondarenko/Downloads/Vibe Coding Projects/Systems Thinking Game/RD Version/RD Cafe Antigraviry/node_modules/@babel/parser/lib/index.js:12493:17)
      at TypeScriptParserMixin.parseParenAndDistinguishExpression (/Users/SBondarenko/Downloads/Vibe Coding Projects/Systems Thinking Game/RD Version/RD Cafe Antigraviry/node_modules/@babel/parser/lib/index.js:11675:28)
      at TypeScriptParserMixin.parseExprAtom (/Users/SBondarenko/Downloads/Vibe Coding Projects/Systems Thinking Game/RD Version/RD Cafe Antigraviry/node_modules/@babel/parser/lib/index.js:11331:23)
      at TypeScriptParserMixin.parseExprAtom (/Users/SBondarenko/Downloads/Vibe Coding Projects/Systems Thinking Game/RD Version/RD Cafe Antigraviry/node_modules/@babel/parser/lib/index.js:4764:20)
      at TypeScriptParserMixin.parseExprSubscripts (/Users/SBondarenko/Downloads/Vibe Coding Projects/Systems Thinking Game/RD Version/RD Cafe Antigraviry/node_modules/@babel/parser/lib/index.js:11081:23)
      at TypeScriptParserMixin.parseUpdate (/Users/SBondarenko/Downloads/Vibe Coding Projects/Systems Thinking Game/RD Version/RD Cafe Antigraviry/node_modules/@babel/parser/lib/index.js:11066:21)
      at TypeScriptParserMixin.parseMaybeUnary (/Users/SBondarenko/Downloads/Vibe Coding Projects/Systems Thinking Game/RD Version/RD Cafe Antigraviry/node_modules/@babel/parser/lib/index.js:11046:23)
      at TypeScriptParserMixin.parseMaybeUnary (/Users/SBondarenko/Downloads/Vibe Coding Projects/Systems Thinking Game/RD Version/RD Cafe Antigraviry/node_modules/@babel/parser/lib/index.js:9837:18)
      at TypeScriptParserMixin.parseMaybeUnaryOrPrivate (/Users/SBondarenko/Downloads/Vibe Coding Projects/Systems Thinking Game/RD Version/RD Cafe Antigraviry/node_modules/@babel/parser/lib/index.js:10899:61)
      at TypeScriptParserMixin.parseExprOps (/Users/SBondarenko/Downloads/Vibe Coding Projects/Systems Thinking Game/RD Version/RD Cafe Antigraviry/node_modules/@babel/parser/lib/index.js:10904:23)
      at TypeScriptParserMixin.parseMaybeConditional (/Users/SBondarenko/Downloads/Vibe Coding Projects/Systems Thinking Game/RD Version/RD Cafe Antigraviry/node_modules/@babel/parser/lib/index.js:10881:23)
      at TypeScriptParserMixin.parseMaybeAssign (/Users/SBondarenko/Downloads/Vibe Coding Projects/Systems Thinking Game/RD Version/RD Cafe Antigraviry/node_modules/@babel/parser/lib/index.js:10831:21)
      at TypeScriptParserMixin.parseMaybeAssign (/Users/SBondarenko/Downloads/Vibe Coding Projects/Systems Thinking Game/RD Version/RD Cafe Antigraviry/node_modules/@babel/parser/lib/index.js:9786:20)
      at TypeScriptParserMixin.parseExpressionBase (/Users/SBondarenko/Downloads/Vibe Coding Projects/Systems Thinking Game/RD Version/RD Cafe Antigraviry/node_modules/@babel/parser/lib/index.js:10784:23)
      at /Users/SBondarenko/Downloads/Vibe Coding Projects/Systems Thinking Game/RD Version/RD Cafe Antigraviry/node_modules/@babel/parser/lib/index.js:10780:39
      at TypeScriptParserMixin.allowInAnd (/Users/SBondarenko/Downloads/Vibe Coding Projects/Systems Thinking Game/RD Version/RD Cafe Antigraviry/node_modules/@babel/parser/lib/index.js:12421:16)
      at TypeScriptParserMixin.parseExpression (/Users/SBondarenko/Downloads/Vibe Coding Projects/Systems Thinking Game/RD Version/RD Cafe Antigraviry/node_modules/@babel/parser/lib/index.js:10780:17)
      at TypeScriptParserMixin.parseReturnStatement (/Users/SBondarenko/Downloads/Vibe Coding Projects/Systems Thinking Game/RD Version/RD Cafe Antigraviry/node_modules/@babel/parser/lib/index.js:13142:28)
      at TypeScriptParserMixin.parseStatementContent (/Users/SBondarenko/Downloads/Vibe Coding Projects/Systems Thinking Game/RD Version/RD Cafe Antigraviry/node_modules/@babel/parser/lib/index.js:12798:21)
      at TypeScriptParserMixin.parseStatementContent (/Users/SBondarenko/Downloads/Vibe Coding Projects/Systems Thinking Game/RD Version/RD Cafe Antigraviry/node_modules/@babel/parser/lib/index.js:9508:18)
      at TypeScriptParserMixin.parseStatementLike (/Users/SBondarenko/Downloads/Vibe Coding Projects/Systems Thinking Game/RD Version/RD Cafe Antigraviry/node_modules/@babel/parser/lib/index.js:12767:17)
      at TypeScriptParserMixin.parseStatementListItem (/Users/SBondarenko/Downloads/Vibe Coding Projects/Systems Thinking Game/RD Version/RD Cafe Antigraviry/node_modules/@babel/parser/lib/index.js:12747:17)
      at TypeScriptParserMixin.parseBlockOrModuleBlockBody (/Users/SBondarenko/Downloads/Vibe Coding Projects/Systems Thinking Game/RD Version/RD Cafe Antigraviry/node_modules/@babel/parser/lib/index.js:13316:61)
      at TypeScriptParserMixin.parseBlockBody (/Users/SBondarenko/Downloads/Vibe Coding Projects/Systems Thinking Game/RD Version/RD Cafe Antigraviry/node_modules/@babel/parser/lib/index.js:13309:10)
      at TypeScriptParserMixin.parseBlock (/Users/SBondarenko/Downloads/Vibe Coding Projects/Systems Thinking Game/RD Version/RD Cafe Antigraviry/node_modules/@babel/parser/lib/index.js:13297:10)
      at TypeScriptParserMixin.parseFunctionBody (/Users/SBondarenko/Downloads/Vibe Coding Projects/Systems Thinking Game/RD Version/RD Cafe Antigraviry/node_modules/@babel/parser/lib/index.js:12100:24)
      at TypeScriptParserMixin.parseFunctionBodyAndFinish (/Users/SBondarenko/Downloads/Vibe Coding Projects/Systems Thinking Game/RD Version/RD Cafe Antigraviry/node_modules/@babel/parser/lib/index.js:12086:10)
      at TypeScriptParserMixin.parseFunctionBodyAndFinish (/Users/SBondarenko/Downloads/Vibe Coding Projects/Systems Thinking Game/RD Version/RD Cafe Antigraviry/node_modules/@babel/parser/lib/index.js:9172:18)
      at /Users/SBondarenko/Downloads/Vibe Coding Projects/Systems Thinking Game/RD Version/RD Cafe Antigraviry/node_modules/@babel/parser/lib/index.js:13445:12
      at TypeScriptParserMixin.withSmartMixTopicForbiddingContext (/Users/SBondarenko/Downloads/Vibe Coding Projects/Systems Thinking Game/RD Version/RD Cafe Antigraviry/node_modules/@babel/parser/lib/index.js:12403:14)
      at TypeScriptParserMixin.parseFunction (/Users/SBondarenko/Downloads/Vibe Coding Projects/Systems Thinking Game/RD Version/RD Cafe Antigraviry/node_modules/@babel/parser/lib/index.js:13444:10)
      at TypeScriptParserMixin.parseFunctionStatement (/Users/SBondarenko/Downloads/Vibe Coding Projects/Systems Thinking Game/RD Version/RD Cafe Antigraviry/node_modules/@babel/parser/lib/index.js:13125:17)
      at TypeScriptParserMixin.parseStatementContent (/Users/SBondarenko/Downloads/Vibe Coding Projects/Systems Thinking Game/RD Version/RD Cafe Antigraviry/node_modules/@babel/parser/lib/index.js:12791:21)
12:29:37 PM [vite] Internal server error: /Users/SBondarenko/Downloads/Vibe Coding Projects/Systems Thinking Game/RD Version/RD Cafe Antigraviry/src/components/game/CustomerFlowSimulationIso.tsx: Unexpected token (240:2)

  238 |
  239 |   return (
> 240 |   return (
      |   ^
  241 |     <div className="w-full relative rounded-[2rem] overflow-hidden bg-[#F1F5F9] shadow-inner border border-slate-200 mt-6 pb-2">
  242 |       <svg
  243 |         viewBox={`0 0 ${VB_W} ${VB_H}`}
  Plugin: vite:react-babel
  File: /Users/SBondarenko/Downloads/Vibe Coding Projects/Systems Thinking Game/RD Version/RD Cafe Antigraviry/src/components/game/CustomerFlowSimulationIso.tsx:240:2
  238|  
  239|    return (
  240|    return (
     |    ^
  241|      <div className="w-full relative rounded-[2rem] overflow-hidden bg-[#F1F5F9] shadow-inner border border-slate-200 mt-6 pb-2">
  242|        <svg
      at constructor (/Users/SBondarenko/Downloads/Vibe Coding Projects/Systems Thinking Game/RD Version/RD Cafe Antigraviry/node_modules/@babel/parser/lib/index.js:365:19)
      at TypeScriptParserMixin.raise (/Users/SBondarenko/Downloads/Vibe Coding Projects/Systems Thinking Game/RD Version/RD Cafe Antigraviry/node_modules/@babel/parser/lib/index.js:6599:19)
      at TypeScriptParserMixin.unexpected (/Users/SBondarenko/Downloads/Vibe Coding Projects/Systems Thinking Game/RD Version/RD Cafe Antigraviry/node_modules/@babel/parser/lib/index.js:6619:16)
      at TypeScriptParserMixin.parseExprAtom (/Users/SBondarenko/Downloads/Vibe Coding Projects/Systems Thinking Game/RD Version/RD Cafe Antigraviry/node_modules/@babel/parser/lib/index.js:11442:22)
      at TypeScriptParserMixin.parseExprAtom (/Users/SBondarenko/Downloads/Vibe Coding Projects/Systems Thinking Game/RD Version/RD Cafe Antigraviry/node_modules/@babel/parser/lib/index.js:4764:20)
      at TypeScriptParserMixin.parseExprSubscripts (/Users/SBondarenko/Downloads/Vibe Coding Projects/Systems Thinking Game/RD Version/RD Cafe Antigraviry/node_modules/@babel/parser/lib/index.js:11081:23)
      at TypeScriptParserMixin.parseUpdate (/Users/SBondarenko/Downloads/Vibe Coding Projects/Systems Thinking Game/RD Version/RD Cafe Antigraviry/node_modules/@babel/parser/lib/index.js:11066:21)
      at TypeScriptParserMixin.parseMaybeUnary (/Users/SBondarenko/Downloads/Vibe Coding Projects/Systems Thinking Game/RD Version/RD Cafe Antigraviry/node_modules/@babel/parser/lib/index.js:11046:23)
      at TypeScriptParserMixin.parseMaybeUnary (/Users/SBondarenko/Downloads/Vibe Coding Projects/Systems Thinking Game/RD Version/RD Cafe Antigraviry/node_modules/@babel/parser/lib/index.js:9837:18)
      at TypeScriptParserMixin.parseMaybeUnaryOrPrivate (/Users/SBondarenko/Downloads/Vibe Coding Projects/Systems Thinking Game/RD Version/RD Cafe Antigraviry/node_modules/@babel/parser/lib/index.js:10899:61)
      at TypeScriptParserMixin.parseExprOps (/Users/SBondarenko/Downloads/Vibe Coding Projects/Systems Thinking Game/RD Version/RD Cafe Antigraviry/node_modules/@babel/parser/lib/index.js:10904:23)
      at TypeScriptParserMixin.parseMaybeConditional (/Users/SBondarenko/Downloads/Vibe Coding Projects/Systems Thinking Game/RD Version/RD Cafe Antigraviry/node_modules/@babel/parser/lib/index.js:10881:23)
      at TypeScriptParserMixin.parseMaybeAssign (/Users/SBondarenko/Downloads/Vibe Coding Projects/Systems Thinking Game/RD Version/RD Cafe Antigraviry/node_modules/@babel/parser/lib/index.js:10831:21)
      at TypeScriptParserMixin.parseMaybeAssign (/Users/SBondarenko/Downloads/Vibe Coding Projects/Systems Thinking Game/RD Version/RD Cafe Antigraviry/node_modules/@babel/parser/lib/index.js:9786:20)
      at /Users/SBondarenko/Downloads/Vibe Coding Projects/Systems Thinking Game/RD Version/RD Cafe Antigraviry/node_modules/@babel/parser/lib/index.js:10800:39
      at TypeScriptParserMixin.allowInAnd (/Users/SBondarenko/Downloads/Vibe Coding Projects/Systems Thinking Game/RD Version/RD Cafe Antigraviry/node_modules/@babel/parser/lib/index.js:12426:12)
      at TypeScriptParserMixin.parseMaybeAssignAllowIn (/Users/SBondarenko/Downloads/Vibe Coding Projects/Systems Thinking Game/RD Version/RD Cafe Antigraviry/node_modules/@babel/parser/lib/index.js:10800:17)
      at TypeScriptParserMixin.parseMaybeAssignAllowInOrVoidPattern (/Users/SBondarenko/Downloads/Vibe Coding Projects/Systems Thinking Game/RD Version/RD Cafe Antigraviry/node_modules/@babel/parser/lib/index.js:12493:17)
      at TypeScriptParserMixin.parseParenAndDistinguishExpression (/Users/SBondarenko/Downloads/Vibe Coding Projects/Systems Thinking Game/RD Version/RD Cafe Antigraviry/node_modules/@babel/parser/lib/index.js:11675:28)
      at TypeScriptParserMixin.parseExprAtom (/Users/SBondarenko/Downloads/Vibe Coding Projects/Systems Thinking Game/RD Version/RD Cafe Antigraviry/node_modules/@babel/parser/lib/index.js:11331:23)
      at TypeScriptParserMixin.parseExprAtom (/Users/SBondarenko/Downloads/Vibe Coding Projects/Systems Thinking Game/RD Version/RD Cafe Antigraviry/node_modules/@babel/parser/lib/index.js:4764:20)
      at TypeScriptParserMixin.parseExprSubscripts (/Users/SBondarenko/Downloads/Vibe Coding Projects/Systems Thinking Game/RD Version/RD Cafe Antigraviry/node_modules/@babel/parser/lib/index.js:11081:23)
      at TypeScriptParserMixin.parseUpdate (/Users/SBondarenko/Downloads/Vibe Coding Projects/Systems Thinking Game/RD Version/RD Cafe Antigraviry/node_modules/@babel/parser/lib/index.js:11066:21)
      at TypeScriptParserMixin.parseMaybeUnary (/Users/SBondarenko/Downloads/Vibe Coding Projects/Systems Thinking Game/RD Version/RD Cafe Antigraviry/node_modules/@babel/parser/lib/index.js:11046:23)
      at TypeScriptParserMixin.parseMaybeUnary (/Users/SBondarenko/Downloads/Vibe Coding Projects/Systems Thinking Game/RD Version/RD Cafe Antigraviry/node_modules/@babel/parser/lib/index.js:9837:18)
      at TypeScriptParserMixin.parseMaybeUnaryOrPrivate (/Users/SBondarenko/Downloads/Vibe Coding Projects/Systems Thinking Game/RD Version/RD Cafe Antigraviry/node_modules/@babel/parser/lib/index.js:10899:61)
      at TypeScriptParserMixin.parseExprOps (/Users/SBondarenko/Downloads/Vibe Coding Projects/Systems Thinking Game/RD Version/RD Cafe Antigraviry/node_modules/@babel/parser/lib/index.js:10904:23)
      at TypeScriptParserMixin.parseMaybeConditional (/Users/SBondarenko/Downloads/Vibe Coding Projects/Systems Thinking Game/RD Version/RD Cafe Antigraviry/node_modules/@babel/parser/lib/index.js:10881:23)
      at TypeScriptParserMixin.parseMaybeAssign (/Users/SBondarenko/Downloads/Vibe Coding Projects/Systems Thinking Game/RD Version/RD Cafe Antigraviry/node_modules/@babel/parser/lib/index.js:10831:21)
      at TypeScriptParserMixin.parseMaybeAssign (/Users/SBondarenko/Downloads/Vibe Coding Projects/Systems Thinking Game/RD Version/RD Cafe Antigraviry/node_modules/@babel/parser/lib/index.js:9786:20)
      at TypeScriptParserMixin.parseExpressionBase (/Users/SBondarenko/Downloads/Vibe Coding Projects/Systems Thinking Game/RD Version/RD Cafe Antigraviry/node_modules/@babel/parser/lib/index.js:10784:23)
      at /Users/SBondarenko/Downloads/Vibe Coding Projects/Systems Thinking Game/RD Version/RD Cafe Antigraviry/node_modules/@babel/parser/lib/index.js:10780:39
      at TypeScriptParserMixin.allowInAnd (/Users/SBondarenko/Downloads/Vibe Coding Projects/Systems Thinking Game/RD Version/RD Cafe Antigraviry/node_modules/@babel/parser/lib/index.js:12421:16)
      at TypeScriptParserMixin.parseExpression (/Users/SBondarenko/Downloads/Vibe Coding Projects/Systems Thinking Game/RD Version/RD Cafe Antigraviry/node_modules/@babel/parser/lib/index.js:10780:17)
      at TypeScriptParserMixin.parseReturnStatement (/Users/SBondarenko/Downloads/Vibe Coding Projects/Systems Thinking Game/RD Version/RD Cafe Antigraviry/node_modules/@babel/parser/lib/index.js:13142:28)
      at TypeScriptParserMixin.parseStatementContent (/Users/SBondarenko/Downloads/Vibe Coding Projects/Systems Thinking Game/RD Version/RD Cafe Antigraviry/node_modules/@babel/parser/lib/index.js:12798:21)
      at TypeScriptParserMixin.parseStatementContent (/Users/SBondarenko/Downloads/Vibe Coding Projects/Systems Thinking Game/RD Version/RD Cafe Antigraviry/node_modules/@babel/parser/lib/index.js:9508:18)
      at TypeScriptParserMixin.parseStatementLike (/Users/SBondarenko/Downloads/Vibe Coding Projects/Systems Thinking Game/RD Version/RD Cafe Antigraviry/node_modules/@babel/parser/lib/index.js:12767:17)
      at TypeScriptParserMixin.parseStatementListItem (/Users/SBondarenko/Downloads/Vibe Coding Projects/Systems Thinking Game/RD Version/RD Cafe Antigraviry/node_modules/@babel/parser/lib/index.js:12747:17)
      at TypeScriptParserMixin.parseBlockOrModuleBlockBody (/Users/SBondarenko/Downloads/Vibe Coding Projects/Systems Thinking Game/RD Version/RD Cafe Antigraviry/node_modules/@babel/parser/lib/index.js:13316:61)
      at TypeScriptParserMixin.parseBlockBody (/Users/SBondarenko/Downloads/Vibe Coding Projects/Systems Thinking Game/RD Version/RD Cafe Antigraviry/node_modules/@babel/parser/lib/index.js:13309:10)
      at TypeScriptParserMixin.parseBlock (/Users/SBondarenko/Downloads/Vibe Coding Projects/Systems Thinking Game/RD Version/RD Cafe Antigraviry/node_modules/@babel/parser/lib/index.js:13297:10)
      at TypeScriptParserMixin.parseFunctionBody (/Users/SBondarenko/Downloads/Vibe Coding Projects/Systems Thinking Game/RD Version/RD Cafe Antigraviry/node_modules/@babel/parser/lib/index.js:12100:24)
      at TypeScriptParserMixin.parseFunctionBodyAndFinish (/Users/SBondarenko/Downloads/Vibe Coding Projects/Systems Thinking Game/RD Version/RD Cafe Antigraviry/node_modules/@babel/parser/lib/index.js:12086:10)
      at TypeScriptParserMixin.parseFunctionBodyAndFinish (/Users/SBondarenko/Downloads/Vibe Coding Projects/Systems Thinking Game/RD Version/RD Cafe Antigraviry/node_modules/@babel/parser/lib/index.js:9172:18)
      at /Users/SBondarenko/Downloads/Vibe Coding Projects/Systems Thinking Game/RD Version/RD Cafe Antigraviry/node_modules/@babel/parser/lib/index.js:13445:12
      at TypeScriptParserMixin.withSmartMixTopicForbiddingContext (/Users/SBondarenko/Downloads/Vibe Coding Projects/Systems Thinking Game/RD Version/RD Cafe Antigraviry/node_modules/@babel/parser/lib/index.js:12403:14)
      at TypeScriptParserMixin.parseFunction (/Users/SBondarenko/Downloads/Vibe Coding Projects/Systems Thinking Game/RD Version/RD Cafe Antigraviry/node_modules/@babel/parser/lib/index.js:13444:10)
      at TypeScriptParserMixin.parseFunctionStatement (/Users/SBondarenko/Downloads/Vibe Coding Projects/Systems Thinking Game/RD Version/RD Cafe Antigraviry/node_modules/@babel/parser/lib/index.js:13125:17)
      at TypeScriptParserMixin.parseStatementContent (/Users/SBondarenko/Downloads/Vibe Coding Projects/Systems Thinking Game/RD Version/RD Cafe Antigraviry/node_modules/@babel/parser/lib/index.js:12791:21)
12:30:17 PM [vite] hmr update /src/components/game/CustomerFlowSimulationIso.tsx, /src/index.css
12:34:50 PM [vite] hmr update /src/components/game/CustomerFlowSimulationIso.tsx, /src/index.css
12:35:24 PM [vite] hmr update /src/components/game/CustomerFlowSimulationIso.tsx, /src/index.css
12:59:45 PM [vite] hmr update /src/components/game/CustomerFlowSimulationIso.tsx, /src/index.css
1:00:05 PM [vite] hmr update /src/components/game/CustomerFlowSimulationIso.tsx, /src/index.css
1:07:11 PM [vite] hmr update /src/components/game/CustomerFlowSimulationIso.tsx, /src/index.css
1:07:46 PM [vite] hmr update /src/components/game/CustomerFlowSimulationIso.tsx, /src/index.css
1:18:31 PM [vite] hmr update /src/components/layout/GameLayout.tsx, /src/index.css
1:18:56 PM [vite] hmr update /src/index.css, /src/components/game/CustomerFlowSimulation.tsx, /src/components/game/CustomerFlowSimulationTopDown.tsx, /src/components/game/CustomerFlowSimulationIso.tsx
1:18:58 PM [vite] hmr update /src/components/game/CustomerFlowSimulationIso.tsx, /src/index.css
1:31:36 PM [vite] hmr update /src/components/layout/GameLayout.tsx, /src/index.css
1:31:38 PM [vite] hmr update /src/components/game/CustomerFlowSimulationIso.tsx, /src/index.css
1:46:26 PM [vite] hmr update /src/components/game/CustomerFlowSimulationIso.tsx, /src/index.css
1:46:28 PM [vite] hmr update /src/components/layout/GameLayout.tsx, /src/index.css
1:46:30 PM [vite] hmr update /src/components/game/MetricPanel.tsx, /src/index.css
2:11:52 PM [vite] hmr update /src/components/game/CustomerFlowSimulationIso.tsx, /src/index.css
12:41:23 AM [vite] hmr update /src/components/game/CustomerFlowSimulationIso.tsx, /src/index.css
12:52:57 AM [vite] hmr update /src/index.css, /src/components/game/CustomerFlowSimulation.tsx, /src/components/game/CustomerFlowSimulationTopDown.tsx, /src/components/game/CustomerFlowSimulationIso.tsx
12:57:10 AM [vite] hmr update /src/components/game/CustomerFlowSimulationIso.tsx, /src/index.css
1:01:32 AM [vite] hmr update /src/index.css, /src/components/game/CustomerFlowSimulation.tsx, /src/components/game/CustomerFlowSimulationTopDown.tsx, /src/components/game/CustomerFlowSimulationIso.tsx
1:01:34 AM [vite] hmr update /src/index.css, /src/components/game/CustomerFlowSimulation.tsx, /src/components/game/CustomerFlowSimulationTopDown.tsx, /src/components/game/CustomerFlowSimulationIso.tsx
1:01:53 AM [vite] hmr update /src/components/game/CustomerFlowSimulationIso.tsx, /src/index.css
1:05:58 AM [vite] hmr update /src/components/game/CustomerFlowSimulationIso.tsx, /src/index.css
1:09:12 AM [vite] hmr update /src/index.css, /src/components/game/CustomerFlowSimulation.tsx, /src/components/game/CustomerFlowSimulationTopDown.tsx, /src/components/game/CustomerFlowSimulationIso.tsx
1:09:16 AM [vite] hmr update /src/index.css, /src/components/game/CustomerFlowSimulation.tsx, /src/components/game/CustomerFlowSimulationTopDown.tsx, /src/components/game/CustomerFlowSimulationIso.tsx
1:09:18 AM [vite] hmr update /src/components/game/CustomerFlowSimulationIso.tsx, /src/index.css
1:12:17 AM [vite] hmr update /src/index.css, /src/components/game/CustomerFlowSimulation.tsx, /src/components/game/CustomerFlowSimulationTopDown.tsx, /src/components/game/CustomerFlowSimulationIso.tsx
1:12:21 AM [vite] hmr update /src/index.css, /src/components/game/CustomerFlowSimulation.tsx, /src/components/game/CustomerFlowSimulationTopDown.tsx, /src/components/game/CustomerFlowSimulationIso.tsx
1:12:23 AM [vite] hmr update /src/components/game/CustomerFlowSimulationIso.tsx, /src/index.css
1:18:08 AM [vite] hmr update /src/index.css, /src/components/game/CustomerFlowSimulation.tsx, /src/components/game/CustomerFlowSimulationTopDown.tsx, /src/components/game/CustomerFlowSimulationIso.tsx
1:18:12 AM [vite] hmr update /src/index.css, /src/components/game/CustomerFlowSimulation.tsx, /src/components/game/CustomerFlowSimulationTopDown.tsx, /src/components/game/CustomerFlowSimulationIso.tsx
1:18:14 AM [vite] hmr update /src/components/game/CustomerFlowSimulationIso.tsx, /src/index.css
1:20:23 AM [vite] hmr update /src/index.css, /src/components/game/CustomerFlowSimulation.tsx, /src/components/game/CustomerFlowSimulationTopDown.tsx, /src/components/game/CustomerFlowSimulationIso.tsx
1:20:27 AM [vite] hmr update /src/index.css, /src/components/game/CustomerFlowSimulation.tsx, /src/components/game/CustomerFlowSimulationTopDown.tsx, /src/components/game/CustomerFlowSimulationIso.tsx
1:20:29 AM [vite] hmr update /src/components/game/CustomerFlowSimulationIso.tsx, /src/index.css
1:25:42 AM [vite] hmr update /src/index.css, /src/components/game/CustomerFlowSimulation.tsx, /src/components/game/CustomerFlowSimulationTopDown.tsx, /src/components/game/CustomerFlowSimulationIso.tsx
1:25:51 AM [vite] hmr update /src/index.css, /src/components/game/CustomerFlowSimulation.tsx, /src/components/game/CustomerFlowSimulationTopDown.tsx, /src/components/game/CustomerFlowSimulationIso.tsx
1:26:29 AM [vite] hmr update /src/components/game/CustomerFlowSimulationIso.tsx, /src/index.css
1:26:29 AM [vite] Internal server error: Transform failed with 1 error:
/Users/SBondarenko/Downloads/Vibe Coding Projects/Systems Thinking Game/RD Version/RD Cafe Antigraviry/src/components/game/CustomerFlowSimulationIso.tsx:120:7: ERROR: The character "}" is not valid inside a JSX element
  Plugin: vite:esbuild
  File: /Users/SBondarenko/Downloads/Vibe Coding Projects/Systems Thinking Game/RD Version/RD Cafe Antigraviry/src/components/game/CustomerFlowSimulationIso.tsx:101:0
  
  The character "}" is not valid inside a JSX element
  118|        
  119|          <rect x={-10} y={-68} width={20} height={10} rx={2} fill="#8B5CF6" />
  120|        )}
     |         ^
  121|  
  122|        {isStaff &&
  
      at failureErrorWithLog (/Users/SBondarenko/Downloads/Vibe Coding Projects/Systems Thinking Game/RD Version/RD Cafe Antigraviry/node_modules/esbuild/lib/main.js:1472:15)
      at /Users/SBondarenko/Downloads/Vibe Coding Projects/Systems Thinking Game/RD Version/RD Cafe Antigraviry/node_modules/esbuild/lib/main.js:755:50
      at responseCallbacks.<computed> (/Users/SBondarenko/Downloads/Vibe Coding Projects/Systems Thinking Game/RD Version/RD Cafe Antigraviry/node_modules/esbuild/lib/main.js:622:9)
      at handleIncomingPacket (/Users/SBondarenko/Downloads/Vibe Coding Projects/Systems Thinking Game/RD Version/RD Cafe Antigraviry/node_modules/esbuild/lib/main.js:677:12)
      at Socket.readFromStdout (/Users/SBondarenko/Downloads/Vibe Coding Projects/Systems Thinking Game/RD Version/RD Cafe Antigraviry/node_modules/esbuild/lib/main.js:600:7)
      at Socket.emit (node:events:524:28)
      at addChunk (node:internal/streams/readable:561:12)
      at readableAddChunkPushByteMode (node:internal/streams/readable:512:3)
      at Readable.push (node:internal/streams/readable:392:5)
      at Pipe.onStreamRead (node:internal/stream_base_commons:191:23)
1:27:41 AM [vite] hmr update /src/components/game/CustomerFlowSimulationIso.tsx, /src/index.css
1:27:41 AM [vite] Internal server error: Transform failed with 1 error:
/Users/SBondarenko/Downloads/Vibe Coding Projects/Systems Thinking Game/RD Version/RD Cafe Antigraviry/src/components/game/CustomerFlowSimulationIso.tsx:120:7: ERROR: The character "}" is not valid inside a JSX element
  Plugin: vite:esbuild
  File: /Users/SBondarenko/Downloads/Vibe Coding Projects/Systems Thinking Game/RD Version/RD Cafe Antigraviry/src/components/game/CustomerFlowSimulationIso.tsx:101:0
  
  The character "}" is not valid inside a JSX element
  118|        
  119|          <rect x={-10} y={-68} width={20} height={10} rx={2} fill="#8B5CF6" />
  120|        )}
     |         ^
  121|  
  122|        {isStaff &&
  
      at failureErrorWithLog (/Users/SBondarenko/Downloads/Vibe Coding Projects/Systems Thinking Game/RD Version/RD Cafe Antigraviry/node_modules/esbuild/lib/main.js:1472:15)
      at /Users/SBondarenko/Downloads/Vibe Coding Projects/Systems Thinking Game/RD Version/RD Cafe Antigraviry/node_modules/esbuild/lib/main.js:755:50
      at responseCallbacks.<computed> (/Users/SBondarenko/Downloads/Vibe Coding Projects/Systems Thinking Game/RD Version/RD Cafe Antigraviry/node_modules/esbuild/lib/main.js:622:9)
      at handleIncomingPacket (/Users/SBondarenko/Downloads/Vibe Coding Projects/Systems Thinking Game/RD Version/RD Cafe Antigraviry/node_modules/esbuild/lib/main.js:677:12)
      at Socket.readFromStdout (/Users/SBondarenko/Downloads/Vibe Coding Projects/Systems Thinking Game/RD Version/RD Cafe Antigraviry/node_modules/esbuild/lib/main.js:600:7)
      at Socket.emit (node:events:524:28)
      at addChunk (node:internal/streams/readable:561:12)
      at readableAddChunkPushByteMode (node:internal/streams/readable:512:3)
      at Readable.push (node:internal/streams/readable:392:5)
      at Pipe.onStreamRead (node:internal/stream_base_commons:191:23)
1:29:18 AM [vite] hmr update /src/components/game/CustomerFlowSimulationIso.tsx, /src/index.css
1:32:43 AM [vite] hmr update /src/index.css, /src/components/game/CustomerFlowSimulation.tsx, /src/components/game/CustomerFlowSimulationTopDown.tsx, /src/components/game/CustomerFlowSimulationIso.tsx
1:33:30 AM [vite] hmr update /src/index.css, /src/components/game/CustomerFlowSimulation.tsx, /src/components/game/CustomerFlowSimulationTopDown.tsx, /src/components/game/CustomerFlowSimulationIso.tsx
1:33:30 AM [vite] Internal server error: Transform failed with 1 error:
/Users/SBondarenko/Downloads/Vibe Coding Projects/Systems Thinking Game/RD Version/RD Cafe Antigraviry/src/hooks/useCustomerFlowSimulation.ts:726:6: ERROR: Unexpected "case"
  Plugin: vite:esbuild
  File: /Users/SBondarenko/Downloads/Vibe Coding Projects/Systems Thinking Game/RD Version/RD Cafe Antigraviry/src/hooks/useCustomerFlowSimulation.ts:726:6
  
  Unexpected "case"
  724|        }
  725|  
  726|        case 'deciding': {
     |        ^
  727|          const decidingTime = tick - t.stageStart;
  728|          t.decidingProgress = decidingTime / DECIDING_TICKS;
  
      at failureErrorWithLog (/Users/SBondarenko/Downloads/Vibe Coding Projects/Systems Thinking Game/RD Version/RD Cafe Antigraviry/node_modules/esbuild/lib/main.js:1472:15)
      at /Users/SBondarenko/Downloads/Vibe Coding Projects/Systems Thinking Game/RD Version/RD Cafe Antigraviry/node_modules/esbuild/lib/main.js:755:50
      at responseCallbacks.<computed> (/Users/SBondarenko/Downloads/Vibe Coding Projects/Systems Thinking Game/RD Version/RD Cafe Antigraviry/node_modules/esbuild/lib/main.js:622:9)
      at handleIncomingPacket (/Users/SBondarenko/Downloads/Vibe Coding Projects/Systems Thinking Game/RD Version/RD Cafe Antigraviry/node_modules/esbuild/lib/main.js:677:12)
      at Socket.readFromStdout (/Users/SBondarenko/Downloads/Vibe Coding Projects/Systems Thinking Game/RD Version/RD Cafe Antigraviry/node_modules/esbuild/lib/main.js:600:7)
      at Socket.emit (node:events:524:28)
      at addChunk (node:internal/streams/readable:561:12)
      at readableAddChunkPushByteMode (node:internal/streams/readable:512:3)
      at Readable.push (node:internal/streams/readable:392:5)
      at Pipe.onStreamRead (node:internal/stream_base_commons:191:23)
1:33:30 AM [vite] Pre-transform error: Transform failed with 1 error:
/Users/SBondarenko/Downloads/Vibe Coding Projects/Systems Thinking Game/RD Version/RD Cafe Antigraviry/src/hooks/useCustomerFlowSimulation.ts:726:6: ERROR: Unexpected "case"
1:33:32 AM [vite] hmr update /src/components/game/CustomerFlowSimulationIso.tsx, /src/index.css
1:33:32 AM [vite] Pre-transform error: Transform failed with 1 error:
/Users/SBondarenko/Downloads/Vibe Coding Projects/Systems Thinking Game/RD Version/RD Cafe Antigraviry/src/hooks/useCustomerFlowSimulation.ts:726:6: ERROR: Unexpected "case"
1:34:11 AM [vite] Internal server error: Transform failed with 1 error:
/Users/SBondarenko/Downloads/Vibe Coding Projects/Systems Thinking Game/RD Version/RD Cafe Antigraviry/src/hooks/useCustomerFlowSimulation.ts:726:6: ERROR: Unexpected "case"
  Plugin: vite:esbuild
  File: /Users/SBondarenko/Downloads/Vibe Coding Projects/Systems Thinking Game/RD Version/RD Cafe Antigraviry/src/hooks/useCustomerFlowSimulation.ts:726:6
  
  Unexpected "case"
  724|        }
  725|  
  726|        case 'deciding': {
     |        ^
  727|          const decidingTime = tick - t.stageStart;
  728|          t.decidingProgress = decidingTime / DECIDING_TICKS;
  
      at failureErrorWithLog (/Users/SBondarenko/Downloads/Vibe Coding Projects/Systems Thinking Game/RD Version/RD Cafe Antigraviry/node_modules/esbuild/lib/main.js:1472:15)
      at /Users/SBondarenko/Downloads/Vibe Coding Projects/Systems Thinking Game/RD Version/RD Cafe Antigraviry/node_modules/esbuild/lib/main.js:755:50
      at responseCallbacks.<computed> (/Users/SBondarenko/Downloads/Vibe Coding Projects/Systems Thinking Game/RD Version/RD Cafe Antigraviry/node_modules/esbuild/lib/main.js:622:9)
      at handleIncomingPacket (/Users/SBondarenko/Downloads/Vibe Coding Projects/Systems Thinking Game/RD Version/RD Cafe Antigraviry/node_modules/esbuild/lib/main.js:677:12)
      at Socket.readFromStdout (/Users/SBondarenko/Downloads/Vibe Coding Projects/Systems Thinking Game/RD Version/RD Cafe Antigraviry/node_modules/esbuild/lib/main.js:600:7)
      at Socket.emit (node:events:524:28)
      at addChunk (node:internal/streams/readable:561:12)
      at readableAddChunkPushByteMode (node:internal/streams/readable:512:3)
      at Readable.push (node:internal/streams/readable:392:5)
      at Pipe.onStreamRead (node:internal/stream_base_commons:191:23)
1:35:15 AM [vite] hmr update /src/index.css, /src/components/game/CustomerFlowSimulation.tsx, /src/components/game/CustomerFlowSimulationTopDown.tsx, /src/components/game/CustomerFlowSimulationIso.tsx
1:39:17 AM [vite] hmr update /src/components/game/CustomerFlowSimulationIso.tsx, /src/index.css
1:41:58 AM [vite] hmr update /src/components/game/CustomerFlowSimulationIso.tsx, /src/index.css
1:50:29 AM [vite] hmr update /src/components/game/CustomerFlowSimulationIso.tsx, /src/index.css
